<?xml version="1.0" encoding="UTF-8"?>
<!-- Generated by org.testng.reporters.JUnitReportReporter -->
<testsuite skipped="0" hostname="LAPTOP-PP7LTPN0" name="kdf.Application" tests="1" failures="0" timestamp="27 Jul 2019 16:55:25 GMT" time="106.136" errors="0">
  <testcase name="applicationTest" time="106.136" classname="kdf.Application"/>
</testsuite> <!-- kdf.Application -->
